<?xml version="1.0" encoding="UTF-8"?>
<!-- Generated by org.testng.reporters.JUnitXMLReporter -->
<testsuite hostname="DESKTOP-U7LEM7P" failures="0" tests="4" name="Surefire test" time="0.038" errors="0" timestamp="9 Sep 2020 10:27:33 GMT">
  <testcase classname="com.qa.test.DemoTest" name="div" time="0.017"/>
  <testcase classname="com.qa.test.DemoTest" name="mul" time="0.001"/>
  <testcase classname="com.qa.test.DemoTest" name="sub" time="0.0"/>
  <testcase classname="com.qa.test.DemoTest" name="sum" time="0.0"/>
</testsuite> <!-- Surefire test -->
