<?xml version="1.0" encoding="UTF-8"?>
<!-- Generated by org.testng.reporters.JUnitXMLReporter -->
<testsuite hostname="DESKTOP-U7LEM7P" failures="0" tests="4" name="Default test" time="0.049" errors="0" timestamp="9 Sep 2020 09:14:12 GMT">
  <testcase classname="com.qa.test.DemoTest" name="div" time="0.015"/>
  <testcase classname="com.qa.test.DemoTest" name="mul" time="0.0"/>
  <testcase classname="com.qa.test.DemoTest" name="sub" time="0.0"/>
  <testcase classname="com.qa.test.DemoTest" name="sum" time="0.005"/>
</testsuite> <!-- Default test -->
