<?xml version="1.0" encoding="UTF-8"?>
<testsuite xmlns:xsi="http://www.w3.org/2001/XMLSchema-instance" xsi:noNamespaceSchemaLocation="https://maven.apache.org/surefire/maven-surefire-plugin/xsd/surefire-test-report.xsd" name="com.qa.test.DemoTest" time="1.175" tests="4" errors="0" skipped="0" failures="0">
  <properties>
[...]
</properties>
  <testcase name="div" classname="com.qa.test.DemoTest" time="0.016"/>
  <testcase name="mul" classname="com.qa.test.DemoTest" time="0"/>
  <testcase name="sub" classname="com.qa.test.DemoTest" time="0"/>
  <testcase name="sum" classname="com.qa.test.DemoTest" time="0"/>
</testsuite>