<?xml version="1.0" encoding="UTF-8"?>
<testng-results total="4" passed="4" failed="0" skipped="0">
  <reporter-output>
  </reporter-output>
  <suite started-at="2020-09-09T10:27:33Z" name="Surefire suite" finished-at="2020-09-09T10:27:33Z" duration-ms="38">
    <groups>
    </groups>
    <test started-at="2020-09-09T10:27:33Z" name="Surefire test" finished-at="2020-09-09T10:27:33Z" duration-ms="38">
      <class name="com.qa.test.DemoTest">
        <test-method signature="div()[pri:0, instance:com.qa.test.DemoTest@1d9b7cce]" started-at="2020-09-09T15:57:33Z" name="div" finished-at="2020-09-09T15:57:33Z" duration-ms="17" status="PASS">
          <reporter-output>
          </reporter-output>
        </test-method> <!-- div -->
        <test-method signature="mul()[pri:0, instance:com.qa.test.DemoTest@1d9b7cce]" started-at="2020-09-09T15:57:33Z" name="mul" finished-at="2020-09-09T15:57:33Z" duration-ms="1" status="PASS">
          <reporter-output>
          </reporter-output>
        </test-method> <!-- mul -->
        <test-method signature="sub()[pri:0, instance:com.qa.test.DemoTest@1d9b7cce]" started-at="2020-09-09T15:57:33Z" name="sub" finished-at="2020-09-09T15:57:33Z" duration-ms="0" status="PASS">
          <reporter-output>
          </reporter-output>
        </test-method> <!-- sub -->
        <test-method signature="sum()[pri:0, instance:com.qa.test.DemoTest@1d9b7cce]" started-at="2020-09-09T15:57:33Z" name="sum" finished-at="2020-09-09T15:57:33Z" duration-ms="0" status="PASS">
          <reporter-output>
          </reporter-output>
        </test-method> <!-- sum -->
      </class> <!-- com.qa.test.DemoTest -->
    </test> <!-- Surefire test -->
  </suite> <!-- Surefire suite -->
</testng-results>
