<?xml version="1.0" encoding="UTF-8"?>
<testng-results total="12" passed="12" failed="0" skipped="0">
  <reporter-output>
  </reporter-output>
  <suite started-at="2020-09-09T10:25:11Z" name="Test maven suite" finished-at="2020-09-09T10:25:11Z" duration-ms="99">
    <groups>
    </groups>
    <test started-at="2020-09-09T10:25:11Z" name="Test maven test" finished-at="2020-09-09T10:25:11Z" duration-ms="99">
      <class name="com.qa.test.DemoTest">
        <test-method signature="div()[pri:0, instance:com.qa.test.DemoTest@51c693d]" started-at="2020-09-09T15:55:11Z" name="div" finished-at="2020-09-09T15:55:11Z" duration-ms="17" status="PASS">
          <reporter-output>
          </reporter-output>
        </test-method> <!-- div -->
        <test-method signature="mul()[pri:0, instance:com.qa.test.DemoTest@51c693d]" started-at="2020-09-09T15:55:11Z" name="mul" finished-at="2020-09-09T15:55:11Z" duration-ms="3" status="PASS">
          <reporter-output>
          </reporter-output>
        </test-method> <!-- mul -->
        <test-method signature="sub()[pri:0, instance:com.qa.test.DemoTest@51c693d]" started-at="2020-09-09T15:55:11Z" name="sub" finished-at="2020-09-09T15:55:11Z" duration-ms="1" status="PASS">
          <reporter-output>
          </reporter-output>
        </test-method> <!-- sub -->
        <test-method signature="sum()[pri:0, instance:com.qa.test.DemoTest@51c693d]" started-at="2020-09-09T15:55:11Z" name="sum" finished-at="2020-09-09T15:55:11Z" duration-ms="5" status="PASS">
          <reporter-output>
          </reporter-output>
        </test-method> <!-- sum -->
      </class> <!-- com.qa.test.DemoTest -->
      <class name="com.qa.test.DemoTest2">
        <test-method signature="div()[pri:0, instance:com.qa.test.DemoTest2@2fba3fc4]" started-at="2020-09-09T15:55:11Z" name="div" finished-at="2020-09-09T15:55:11Z" duration-ms="5" status="PASS">
          <reporter-output>
          </reporter-output>
        </test-method> <!-- div -->
        <test-method signature="mul()[pri:0, instance:com.qa.test.DemoTest2@2fba3fc4]" started-at="2020-09-09T15:55:11Z" name="mul" finished-at="2020-09-09T15:55:11Z" duration-ms="0" status="PASS">
          <reporter-output>
          </reporter-output>
        </test-method> <!-- mul -->
        <test-method signature="sub()[pri:0, instance:com.qa.test.DemoTest2@2fba3fc4]" started-at="2020-09-09T15:55:11Z" name="sub" finished-at="2020-09-09T15:55:11Z" duration-ms="5" status="PASS">
          <reporter-output>
          </reporter-output>
        </test-method> <!-- sub -->
        <test-method signature="sum()[pri:0, instance:com.qa.test.DemoTest2@2fba3fc4]" started-at="2020-09-09T15:55:11Z" name="sum" finished-at="2020-09-09T15:55:11Z" duration-ms="5" status="PASS">
          <reporter-output>
          </reporter-output>
        </test-method> <!-- sum -->
      </class> <!-- com.qa.test.DemoTest2 -->
      <class name="com.qa.test.DemoTest3">
        <test-method signature="div()[pri:0, instance:com.qa.test.DemoTest3@7b7fdc8]" started-at="2020-09-09T15:55:11Z" name="div" finished-at="2020-09-09T15:55:11Z" duration-ms="5" status="PASS">
          <reporter-output>
          </reporter-output>
        </test-method> <!-- div -->
        <test-method signature="mul()[pri:0, instance:com.qa.test.DemoTest3@7b7fdc8]" started-at="2020-09-09T15:55:11Z" name="mul" finished-at="2020-09-09T15:55:11Z" duration-ms="5" status="PASS">
          <reporter-output>
          </reporter-output>
        </test-method> <!-- mul -->
        <test-method signature="sub()[pri:0, instance:com.qa.test.DemoTest3@7b7fdc8]" started-at="2020-09-09T15:55:11Z" name="sub" finished-at="2020-09-09T15:55:11Z" duration-ms="5" status="PASS">
          <reporter-output>
          </reporter-output>
        </test-method> <!-- sub -->
        <test-method signature="sum()[pri:0, instance:com.qa.test.DemoTest3@7b7fdc8]" started-at="2020-09-09T15:55:11Z" name="sum" finished-at="2020-09-09T15:55:11Z" duration-ms="5" status="PASS">
          <reporter-output>
          </reporter-output>
        </test-method> <!-- sum -->
      </class> <!-- com.qa.test.DemoTest3 -->
    </test> <!-- Test maven test -->
  </suite> <!-- Test maven suite -->
</testng-results>
