<?xml version="1.0" encoding="UTF-8"?>
<!-- Generated by org.testng.reporters.JUnitXMLReporter -->
<testsuite hostname="DESKTOP-U7LEM7P" failures="0" tests="12" name="Test maven test" time="0.099" errors="0" timestamp="9 Sep 2020 10:25:11 GMT">
  <testcase classname="com.qa.test.DemoTest" name="div" time="0.017"/>
  <testcase classname="com.qa.test.DemoTest" name="mul" time="0.003"/>
  <testcase classname="com.qa.test.DemoTest" name="sub" time="0.001"/>
  <testcase classname="com.qa.test.DemoTest" name="sum" time="0.005"/>
  <testcase classname="com.qa.test.DemoTest2" name="div" time="0.005"/>
  <testcase classname="com.qa.test.DemoTest2" name="mul" time="0.0"/>
  <testcase classname="com.qa.test.DemoTest2" name="sub" time="0.005"/>
  <testcase classname="com.qa.test.DemoTest2" name="sum" time="0.005"/>
  <testcase classname="com.qa.test.DemoTest3" name="div" time="0.005"/>
  <testcase classname="com.qa.test.DemoTest3" name="mul" time="0.005"/>
  <testcase classname="com.qa.test.DemoTest3" name="sub" time="0.005"/>
  <testcase classname="com.qa.test.DemoTest3" name="sum" time="0.005"/>
</testsuite> <!-- Test maven test -->
